2025-01-29T09:00:34.884+05:30  WARN 27640 --- [SpringbootShoppingApp] [HikariPool-1 housekeeper] com.zaxxer.hikari.pool.HikariPool        : HikariPool-1 - Thread starvation or clock leap detected (housekeeper delta=14h44m30s970ms922µs300ns).
2025-01-29T09:19:01.522+05:30  INFO 27640 --- [SpringbootShoppingApp] [File Watcher] rtingClassPathChangeChangedEventListener : Restarting due to 2 class path changes (0 additions, 0 deletions, 2 modifications)
2025-01-29T09:19:01.546+05:30  INFO 27640 --- [SpringbootShoppingApp] [Thread-1] o.s.b.w.e.tomcat.GracefulShutdown        : Commencing graceful shutdown. Waiting for active requests to complete
2025-01-29T09:19:01.565+05:30  INFO 27640 --- [SpringbootShoppingApp] [tomcat-shutdown] o.s.b.w.e.tomcat.GracefulShutdown        : Graceful shutdown complete
2025-01-29T09:19:01.588+05:30  INFO 27640 --- [SpringbootShoppingApp] [Thread-1] j.LocalContainerEntityManagerFactoryBean : Closing JPA EntityManagerFactory for persistence unit 'default'
2025-01-29T09:19:01.605+05:30  INFO 27640 --- [SpringbootShoppingApp] [Thread-1] com.zaxxer.hikari.HikariDataSource       : HikariPool-1 - Shutdown initiated...
2025-01-29T09:19:01.622+05:30  INFO 27640 --- [SpringbootShoppingApp] [Thread-1] com.zaxxer.hikari.HikariDataSource       : HikariPool-1 - Shutdown completed.
2025-01-29T09:19:01.774+05:30  INFO 27640 --- [SpringbootShoppingApp] [restartedMain] c.e.d.SpringBootShoppingAppApplication   : Starting SpringBootShoppingAppApplication using Java 21.0.5 with PID 27640 (C:\Users\2380209\git\repository\SpringBootShoppingApp\target\classes started by 2380209 in C:\Users\2380209\git\repository\SpringBootShoppingApp)
2025-01-29T09:19:01.775+05:30  INFO 27640 --- [SpringbootShoppingApp] [restartedMain] c.e.d.SpringBootShoppingAppApplication   : No active profile set, falling back to 1 default profile: "default"
2025-01-29T09:19:02.115+05:30  INFO 27640 --- [SpringbootShoppingApp] [restartedMain] .s.d.r.c.RepositoryConfigurationDelegate : Bootstrapping Spring Data JPA repositories in DEFAULT mode.
2025-01-29T09:19:02.133+05:30  INFO 27640 --- [SpringbootShoppingApp] [restartedMain] .s.d.r.c.RepositoryConfigurationDelegate : Finished Spring Data repository scanning in 16 ms. Found 2 JPA repository interfaces.
2025-01-29T09:19:02.243+05:30  INFO 27640 --- [SpringbootShoppingApp] [restartedMain] o.s.b.w.embedded.tomcat.TomcatWebServer  : Tomcat initialized with port 8080 (http)
2025-01-29T09:19:02.246+05:30  INFO 27640 --- [SpringbootShoppingApp] [restartedMain] o.apache.catalina.core.StandardService   : Starting service [Tomcat]
2025-01-29T09:19:02.247+05:30  INFO 27640 --- [SpringbootShoppingApp] [restartedMain] o.apache.catalina.core.StandardEngine    : Starting Servlet engine: [Apache Tomcat/10.1.34]
2025-01-29T09:19:02.278+05:30  INFO 27640 --- [SpringbootShoppingApp] [restartedMain] o.a.c.c.C.[Tomcat].[localhost].[/]       : Initializing Spring embedded WebApplicationContext
2025-01-29T09:19:02.278+05:30  INFO 27640 --- [SpringbootShoppingApp] [restartedMain] w.s.c.ServletWebServerApplicationContext : Root WebApplicationContext: initialization completed in 497 ms
2025-01-29T09:19:02.319+05:30  INFO 27640 --- [SpringbootShoppingApp] [restartedMain] o.hibernate.jpa.internal.util.LogHelper  : HHH000204: Processing PersistenceUnitInfo [name: default]
2025-01-29T09:19:02.322+05:30  INFO 27640 --- [SpringbootShoppingApp] [restartedMain] o.h.c.internal.RegionFactoryInitiator    : HHH000026: Second-level cache disabled
2025-01-29T09:19:02.337+05:30  INFO 27640 --- [SpringbootShoppingApp] [restartedMain] o.s.o.j.p.SpringPersistenceUnitInfo      : No LoadTimeWeaver setup: ignoring JPA class transformer
2025-01-29T09:19:02.339+05:30  INFO 27640 --- [SpringbootShoppingApp] [restartedMain] com.zaxxer.hikari.HikariDataSource       : HikariPool-2 - Starting...
2025-01-29T09:19:02.351+05:30  INFO 27640 --- [SpringbootShoppingApp] [restartedMain] com.zaxxer.hikari.pool.HikariPool        : HikariPool-2 - Added connection com.mysql.cj.jdbc.ConnectionImpl@73a7367b
2025-01-29T09:19:02.352+05:30  INFO 27640 --- [SpringbootShoppingApp] [restartedMain] com.zaxxer.hikari.HikariDataSource       : HikariPool-2 - Start completed.
2025-01-29T09:19:02.357+05:30  INFO 27640 --- [SpringbootShoppingApp] [restartedMain] org.hibernate.orm.connections.pooling    : HHH10001005: Database info:
	Database JDBC URL [Connecting through datasource 'HikariDataSource (HikariPool-2)']
	Database driver: undefined/unknown
	Database version: 8.0.40
	Autocommit mode: undefined/unknown
	Isolation level: undefined/unknown
	Minimum pool size: undefined/unknown
	Maximum pool size: undefined/unknown
2025-01-29T09:19:02.443+05:30  INFO 27640 --- [SpringbootShoppingApp] [restartedMain] o.h.e.t.j.p.i.JtaPlatformInitiator       : HHH000489: No JTA platform available (set 'hibernate.transaction.jta.platform' to enable JTA platform integration)
2025-01-29T09:19:02.723+05:30  INFO 27640 --- [SpringbootShoppingApp] [restartedMain] j.LocalContainerEntityManagerFactoryBean : Initialized JPA EntityManagerFactory for persistence unit 'default'
2025-01-29T09:19:02.891+05:30  WARN 27640 --- [SpringbootShoppingApp] [restartedMain] JpaBaseConfiguration$JpaWebConfiguration : spring.jpa.open-in-view is enabled by default. Therefore, database queries may be performed during view rendering. Explicitly configure spring.jpa.open-in-view to disable this warning
2025-01-29T09:19:03.060+05:30  WARN 27640 --- [SpringbootShoppingApp] [restartedMain] o.s.b.d.a.OptionalLiveReloadServer       : Unable to start LiveReload server
2025-01-29T09:19:03.074+05:30  INFO 27640 --- [SpringbootShoppingApp] [restartedMain] o.s.b.w.embedded.tomcat.TomcatWebServer  : Tomcat started on port 8080 (http) with context path '/'
2025-01-29T09:19:03.082+05:30  INFO 27640 --- [SpringbootShoppingApp] [restartedMain] c.e.d.SpringBootShoppingAppApplication   : Started SpringBootShoppingAppApplication in 1.356 seconds (process running for 73737.28)
2025-01-29T09:19:03.086+05:30  INFO 27640 --- [SpringbootShoppingApp] [restartedMain] .ConditionEvaluationDeltaLoggingListener : Condition evaluation unchanged
2025-01-29T09:19:06.553+05:30  INFO 27640 --- [SpringbootShoppingApp] [File Watcher] rtingClassPathChangeChangedEventListener : Restarting due to 1 class path change (0 additions, 0 deletions, 1 modification)
2025-01-29T09:19:06.555+05:30  INFO 27640 --- [SpringbootShoppingApp] [Thread-5] o.s.b.w.e.tomcat.GracefulShutdown        : Commencing graceful shutdown. Waiting for active requests to complete
2025-01-29T09:19:06.563+05:30  INFO 27640 --- [SpringbootShoppingApp] [tomcat-shutdown] o.s.b.w.e.tomcat.GracefulShutdown        : Graceful shutdown complete
2025-01-29T09:19:06.567+05:30  INFO 27640 --- [SpringbootShoppingApp] [Thread-5] j.LocalContainerEntityManagerFactoryBean : Closing JPA EntityManagerFactory for persistence unit 'default'
2025-01-29T09:19:06.568+05:30  INFO 27640 --- [SpringbootShoppingApp] [Thread-5] com.zaxxer.hikari.HikariDataSource       : HikariPool-2 - Shutdown initiated...
2025-01-29T09:19:06.581+05:30  INFO 27640 --- [SpringbootShoppingApp] [Thread-5] com.zaxxer.hikari.HikariDataSource       : HikariPool-2 - Shutdown completed.
2025-01-29T09:19:06.712+05:30  INFO 27640 --- [SpringbootShoppingApp] [restartedMain] c.e.d.SpringBootShoppingAppApplication   : Starting SpringBootShoppingAppApplication using Java 21.0.5 with PID 27640 (C:\Users\2380209\git\repository\SpringBootShoppingApp\target\classes started by 2380209 in C:\Users\2380209\git\repository\SpringBootShoppingApp)
2025-01-29T09:19:06.713+05:30  INFO 27640 --- [SpringbootShoppingApp] [restartedMain] c.e.d.SpringBootShoppingAppApplication   : No active profile set, falling back to 1 default profile: "default"
2025-01-29T09:19:06.970+05:30  INFO 27640 --- [SpringbootShoppingApp] [restartedMain] .s.d.r.c.RepositoryConfigurationDelegate : Bootstrapping Spring Data JPA repositories in DEFAULT mode.
2025-01-29T09:19:06.991+05:30  INFO 27640 --- [SpringbootShoppingApp] [restartedMain] .s.d.r.c.RepositoryConfigurationDelegate : Finished Spring Data repository scanning in 17 ms. Found 2 JPA repository interfaces.
2025-01-29T09:19:07.110+05:30  INFO 27640 --- [SpringbootShoppingApp] [restartedMain] o.s.b.w.embedded.tomcat.TomcatWebServer  : Tomcat initialized with port 8080 (http)
2025-01-29T09:19:07.111+05:30  INFO 27640 --- [SpringbootShoppingApp] [restartedMain] o.apache.catalina.core.StandardService   : Starting service [Tomcat]
2025-01-29T09:19:07.112+05:30  INFO 27640 --- [SpringbootShoppingApp] [restartedMain] o.apache.catalina.core.StandardEngine    : Starting Servlet engine: [Apache Tomcat/10.1.34]
2025-01-29T09:19:07.158+05:30  INFO 27640 --- [SpringbootShoppingApp] [restartedMain] o.a.c.c.C.[Tomcat].[localhost].[/]       : Initializing Spring embedded WebApplicationContext
2025-01-29T09:19:07.159+05:30  INFO 27640 --- [SpringbootShoppingApp] [restartedMain] w.s.c.ServletWebServerApplicationContext : Root WebApplicationContext: initialization completed in 443 ms
2025-01-29T09:19:07.202+05:30  INFO 27640 --- [SpringbootShoppingApp] [restartedMain] o.hibernate.jpa.internal.util.LogHelper  : HHH000204: Processing PersistenceUnitInfo [name: default]
2025-01-29T09:19:07.205+05:30  INFO 27640 --- [SpringbootShoppingApp] [restartedMain] o.h.c.internal.RegionFactoryInitiator    : HHH000026: Second-level cache disabled
2025-01-29T09:19:07.219+05:30  INFO 27640 --- [SpringbootShoppingApp] [restartedMain] o.s.o.j.p.SpringPersistenceUnitInfo      : No LoadTimeWeaver setup: ignoring JPA class transformer
2025-01-29T09:19:07.220+05:30  INFO 27640 --- [SpringbootShoppingApp] [restartedMain] com.zaxxer.hikari.HikariDataSource       : HikariPool-3 - Starting...
2025-01-29T09:19:07.231+05:30  INFO 27640 --- [SpringbootShoppingApp] [restartedMain] com.zaxxer.hikari.pool.HikariPool        : HikariPool-3 - Added connection com.mysql.cj.jdbc.ConnectionImpl@eebe4ca
2025-01-29T09:19:07.231+05:30  INFO 27640 --- [SpringbootShoppingApp] [restartedMain] com.zaxxer.hikari.HikariDataSource       : HikariPool-3 - Start completed.
2025-01-29T09:19:07.232+05:30  INFO 27640 --- [SpringbootShoppingApp] [restartedMain] org.hibernate.orm.connections.pooling    : HHH10001005: Database info:
	Database JDBC URL [Connecting through datasource 'HikariDataSource (HikariPool-3)']
	Database driver: undefined/unknown
	Database version: 8.0.40
	Autocommit mode: undefined/unknown
	Isolation level: undefined/unknown
	Minimum pool size: undefined/unknown
	Maximum pool size: undefined/unknown
2025-01-29T09:19:07.276+05:30  INFO 27640 --- [SpringbootShoppingApp] [restartedMain] o.h.e.t.j.p.i.JtaPlatformInitiator       : HHH000489: No JTA platform available (set 'hibernate.transaction.jta.platform' to enable JTA platform integration)
2025-01-29T09:19:07.441+05:30  INFO 27640 --- [SpringbootShoppingApp] [restartedMain] j.LocalContainerEntityManagerFactoryBean : Initialized JPA EntityManagerFactory for persistence unit 'default'
2025-01-29T09:19:07.481+05:30  WARN 27640 --- [SpringbootShoppingApp] [restartedMain] ConfigServletWebServerApplicationContext : Exception encountered during context initialization - cancelling refresh attempt: org.springframework.beans.factory.BeanCreationException: Error creating bean with name 'cartController' defined in file [C:\Users\2380209\git\repository\SpringBootShoppingApp\target\classes\com\example\demo\controller\CartController.class]: Failed to instantiate [com.example.demo.controller.CartController]: Constructor threw exception
2025-01-29T09:19:07.482+05:30  INFO 27640 --- [SpringbootShoppingApp] [restartedMain] j.LocalContainerEntityManagerFactoryBean : Closing JPA EntityManagerFactory for persistence unit 'default'
2025-01-29T09:19:07.482+05:30  INFO 27640 --- [SpringbootShoppingApp] [restartedMain] com.zaxxer.hikari.HikariDataSource       : HikariPool-3 - Shutdown initiated...
2025-01-29T09:19:07.521+05:30  INFO 27640 --- [SpringbootShoppingApp] [restartedMain] com.zaxxer.hikari.HikariDataSource       : HikariPool-3 - Shutdown completed.
2025-01-29T09:19:07.522+05:30  INFO 27640 --- [SpringbootShoppingApp] [restartedMain] o.apache.catalina.core.StandardService   : Stopping service [Tomcat]
2025-01-29T09:19:07.528+05:30  INFO 27640 --- [SpringbootShoppingApp] [restartedMain] .s.b.a.l.ConditionEvaluationReportLogger : 

Error starting ApplicationContext. To display the condition evaluation report re-run your application with 'debug' enabled.
2025-01-29T09:19:07.558+05:30 ERROR 27640 --- [SpringbootShoppingApp] [restartedMain] o.s.boot.SpringApplication               : Application run failed

org.springframework.beans.factory.BeanCreationException: Error creating bean with name 'cartController' defined in file [C:\Users\2380209\git\repository\SpringBootShoppingApp\target\classes\com\example\demo\controller\CartController.class]: Failed to instantiate [com.example.demo.controller.CartController]: Constructor threw exception
	at org.springframework.beans.factory.support.ConstructorResolver.instantiate(ConstructorResolver.java:321) ~[spring-beans-6.2.1.jar:6.2.1]
	at org.springframework.beans.factory.support.ConstructorResolver.autowireConstructor(ConstructorResolver.java:309) ~[spring-beans-6.2.1.jar:6.2.1]
	at org.springframework.beans.factory.support.AbstractAutowireCapableBeanFactory.autowireConstructor(AbstractAutowireCapableBeanFactory.java:1377) ~[spring-beans-6.2.1.jar:6.2.1]
	at org.springframework.beans.factory.support.AbstractAutowireCapableBeanFactory.createBeanInstance(AbstractAutowireCapableBeanFactory.java:1214) ~[spring-beans-6.2.1.jar:6.2.1]
	at org.springframework.beans.factory.support.AbstractAutowireCapableBeanFactory.doCreateBean(AbstractAutowireCapableBeanFactory.java:563) ~[spring-beans-6.2.1.jar:6.2.1]
	at org.springframework.beans.factory.support.AbstractAutowireCapableBeanFactory.createBean(AbstractAutowireCapableBeanFactory.java:523) ~[spring-beans-6.2.1.jar:6.2.1]
	at org.springframework.beans.factory.support.AbstractBeanFactory.lambda$doGetBean$0(AbstractBeanFactory.java:336) ~[spring-beans-6.2.1.jar:6.2.1]
	at org.springframework.beans.factory.support.DefaultSingletonBeanRegistry.getSingleton(DefaultSingletonBeanRegistry.java:289) ~[spring-beans-6.2.1.jar:6.2.1]
	at org.springframework.beans.factory.support.AbstractBeanFactory.doGetBean(AbstractBeanFactory.java:334) ~[spring-beans-6.2.1.jar:6.2.1]
	at org.springframework.beans.factory.support.AbstractBeanFactory.getBean(AbstractBeanFactory.java:199) ~[spring-beans-6.2.1.jar:6.2.1]
	at org.springframework.beans.factory.support.DefaultListableBeanFactory.instantiateSingleton(DefaultListableBeanFactory.java:1122) ~[spring-beans-6.2.1.jar:6.2.1]
	at org.springframework.beans.factory.support.DefaultListableBeanFactory.preInstantiateSingleton(DefaultListableBeanFactory.java:1093) ~[spring-beans-6.2.1.jar:6.2.1]
	at org.springframework.beans.factory.support.DefaultListableBeanFactory.preInstantiateSingletons(DefaultListableBeanFactory.java:1030) ~[spring-beans-6.2.1.jar:6.2.1]
	at org.springframework.context.support.AbstractApplicationContext.finishBeanFactoryInitialization(AbstractApplicationContext.java:987) ~[spring-context-6.2.1.jar:6.2.1]
	at org.springframework.context.support.AbstractApplicationContext.refresh(AbstractApplicationContext.java:627) ~[spring-context-6.2.1.jar:6.2.1]
	at org.springframework.boot.web.servlet.context.ServletWebServerApplicationContext.refresh(ServletWebServerApplicationContext.java:146) ~[spring-boot-3.4.1.jar:3.4.1]
	at org.springframework.boot.SpringApplication.refresh(SpringApplication.java:752) ~[spring-boot-3.4.1.jar:3.4.1]
	at org.springframework.boot.SpringApplication.refreshContext(SpringApplication.java:439) ~[spring-boot-3.4.1.jar:3.4.1]
	at org.springframework.boot.SpringApplication.run(SpringApplication.java:318) ~[spring-boot-3.4.1.jar:3.4.1]
	at org.springframework.boot.SpringApplication.run(SpringApplication.java:1361) ~[spring-boot-3.4.1.jar:3.4.1]
	at org.springframework.boot.SpringApplication.run(SpringApplication.java:1350) ~[spring-boot-3.4.1.jar:3.4.1]
	at com.example.demo.SpringBootShoppingAppApplication.main(SpringBootShoppingAppApplication.java:10) ~[classes/:na]
	at java.base/jdk.internal.reflect.DirectMethodHandleAccessor.invoke(DirectMethodHandleAccessor.java:103) ~[na:na]
	at java.base/java.lang.reflect.Method.invoke(Method.java:580) ~[na:na]
	at org.springframework.boot.devtools.restart.RestartLauncher.run(RestartLauncher.java:50) ~[spring-boot-devtools-3.4.1.jar:3.4.1]
Caused by: org.springframework.beans.BeanInstantiationException: Failed to instantiate [com.example.demo.controller.CartController]: Constructor threw exception
	at org.springframework.beans.BeanUtils.instantiateClass(BeanUtils.java:222) ~[spring-beans-6.2.1.jar:6.2.1]
	at org.springframework.beans.factory.support.SimpleInstantiationStrategy.instantiate(SimpleInstantiationStrategy.java:145) ~[spring-beans-6.2.1.jar:6.2.1]
	at org.springframework.beans.factory.support.ConstructorResolver.instantiate(ConstructorResolver.java:318) ~[spring-beans-6.2.1.jar:6.2.1]
	... 24 common frames omitted
Caused by: java.lang.Error: Unresolved compilation problems: 
	Syntax error, insert "Identifier (" to complete ConstructorHeaderName
	Syntax error, insert ")" to complete ConstructorDeclaration
	Syntax error, insert ";" to complete ConstructorDeclaration

	at com.example.demo.controller.CartController.<init>(CartController.java:18) ~[classes/:na]
	at java.base/jdk.internal.reflect.DirectConstructorHandleAccessor.newInstance(DirectConstructorHandleAccessor.java:62) ~[na:na]
	at java.base/java.lang.reflect.Constructor.newInstanceWithCaller(Constructor.java:502) ~[na:na]
	at java.base/java.lang.reflect.Constructor.newInstance(Constructor.java:486) ~[na:na]
	at org.springframework.beans.BeanUtils.instantiateClass(BeanUtils.java:209) ~[spring-beans-6.2.1.jar:6.2.1]
	... 26 common frames omitted

2025-01-29T09:19:13.143+05:30  INFO 27640 --- [SpringbootShoppingApp] [restartedMain] c.e.d.SpringBootShoppingAppApplication   : Starting SpringBootShoppingAppApplication using Java 21.0.5 with PID 27640 (C:\Users\2380209\git\repository\SpringBootShoppingApp\target\classes started by 2380209 in C:\Users\2380209\git\repository\SpringBootShoppingApp)
2025-01-29T09:19:13.144+05:30  INFO 27640 --- [SpringbootShoppingApp] [restartedMain] c.e.d.SpringBootShoppingAppApplication   : No active profile set, falling back to 1 default profile: "default"
2025-01-29T09:19:13.370+05:30  INFO 27640 --- [SpringbootShoppingApp] [restartedMain] .s.d.r.c.RepositoryConfigurationDelegate : Bootstrapping Spring Data JPA repositories in DEFAULT mode.
2025-01-29T09:19:13.381+05:30  INFO 27640 --- [SpringbootShoppingApp] [restartedMain] .s.d.r.c.RepositoryConfigurationDelegate : Finished Spring Data repository scanning in 10 ms. Found 2 JPA repository interfaces.
2025-01-29T09:19:13.458+05:30  INFO 27640 --- [SpringbootShoppingApp] [restartedMain] o.s.b.w.embedded.tomcat.TomcatWebServer  : Tomcat initialized with port 8080 (http)
2025-01-29T09:19:13.460+05:30  INFO 27640 --- [SpringbootShoppingApp] [restartedMain] o.apache.catalina.core.StandardService   : Starting service [Tomcat]
2025-01-29T09:19:13.460+05:30  INFO 27640 --- [SpringbootShoppingApp] [restartedMain] o.apache.catalina.core.StandardEngine    : Starting Servlet engine: [Apache Tomcat/10.1.34]
2025-01-29T09:19:13.487+05:30  INFO 27640 --- [SpringbootShoppingApp] [restartedMain] o.a.c.c.C.[Tomcat-1].[localhost].[/]     : Initializing Spring embedded WebApplicationContext
2025-01-29T09:19:13.487+05:30  INFO 27640 --- [SpringbootShoppingApp] [restartedMain] w.s.c.ServletWebServerApplicationContext : Root WebApplicationContext: initialization completed in 340 ms
2025-01-29T09:19:13.518+05:30  INFO 27640 --- [SpringbootShoppingApp] [restartedMain] o.hibernate.jpa.internal.util.LogHelper  : HHH000204: Processing PersistenceUnitInfo [name: default]
2025-01-29T09:19:13.522+05:30  INFO 27640 --- [SpringbootShoppingApp] [restartedMain] o.h.c.internal.RegionFactoryInitiator    : HHH000026: Second-level cache disabled
2025-01-29T09:19:13.533+05:30  INFO 27640 --- [SpringbootShoppingApp] [restartedMain] o.s.o.j.p.SpringPersistenceUnitInfo      : No LoadTimeWeaver setup: ignoring JPA class transformer
2025-01-29T09:19:13.534+05:30  INFO 27640 --- [SpringbootShoppingApp] [restartedMain] com.zaxxer.hikari.HikariDataSource       : HikariPool-4 - Starting...
2025-01-29T09:19:13.557+05:30  INFO 27640 --- [SpringbootShoppingApp] [restartedMain] com.zaxxer.hikari.pool.HikariPool        : HikariPool-4 - Added connection com.mysql.cj.jdbc.ConnectionImpl@3809497a
2025-01-29T09:19:13.557+05:30  INFO 27640 --- [SpringbootShoppingApp] [restartedMain] com.zaxxer.hikari.HikariDataSource       : HikariPool-4 - Start completed.
2025-01-29T09:19:13.558+05:30  INFO 27640 --- [SpringbootShoppingApp] [restartedMain] org.hibernate.orm.connections.pooling    : HHH10001005: Database info:
	Database JDBC URL [Connecting through datasource 'HikariDataSource (HikariPool-4)']
	Database driver: undefined/unknown
	Database version: 8.0.40
	Autocommit mode: undefined/unknown
	Isolation level: undefined/unknown
	Minimum pool size: undefined/unknown
	Maximum pool size: undefined/unknown
2025-01-29T09:19:13.607+05:30  INFO 27640 --- [SpringbootShoppingApp] [restartedMain] o.h.e.t.j.p.i.JtaPlatformInitiator       : HHH000489: No JTA platform available (set 'hibernate.transaction.jta.platform' to enable JTA platform integration)
2025-01-29T09:19:13.809+05:30  INFO 27640 --- [SpringbootShoppingApp] [restartedMain] j.LocalContainerEntityManagerFactoryBean : Initialized JPA EntityManagerFactory for persistence unit 'default'
2025-01-29T09:19:13.846+05:30  WARN 27640 --- [SpringbootShoppingApp] [restartedMain] ConfigServletWebServerApplicationContext : Exception encountered during context initialization - cancelling refresh attempt: org.springframework.beans.factory.BeanCreationException: Error creating bean with name 'cartController' defined in file [C:\Users\2380209\git\repository\SpringBootShoppingApp\target\classes\com\example\demo\controller\CartController.class]: Failed to instantiate [com.example.demo.controller.CartController]: Constructor threw exception
2025-01-29T09:19:13.847+05:30  INFO 27640 --- [SpringbootShoppingApp] [restartedMain] j.LocalContainerEntityManagerFactoryBean : Closing JPA EntityManagerFactory for persistence unit 'default'
2025-01-29T09:19:13.847+05:30  INFO 27640 --- [SpringbootShoppingApp] [restartedMain] com.zaxxer.hikari.HikariDataSource       : HikariPool-4 - Shutdown initiated...
2025-01-29T09:19:13.852+05:30  INFO 27640 --- [SpringbootShoppingApp] [restartedMain] com.zaxxer.hikari.HikariDataSource       : HikariPool-4 - Shutdown completed.
2025-01-29T09:19:13.853+05:30  INFO 27640 --- [SpringbootShoppingApp] [restartedMain] o.apache.catalina.core.StandardService   : Stopping service [Tomcat]
2025-01-29T09:19:13.859+05:30  INFO 27640 --- [SpringbootShoppingApp] [restartedMain] .s.b.a.l.ConditionEvaluationReportLogger : 

Error starting ApplicationContext. To display the condition evaluation report re-run your application with 'debug' enabled.
2025-01-29T09:19:13.862+05:30 ERROR 27640 --- [SpringbootShoppingApp] [restartedMain] o.s.boot.SpringApplication               : Application run failed

org.springframework.beans.factory.BeanCreationException: Error creating bean with name 'cartController' defined in file [C:\Users\2380209\git\repository\SpringBootShoppingApp\target\classes\com\example\demo\controller\CartController.class]: Failed to instantiate [com.example.demo.controller.CartController]: Constructor threw exception
	at org.springframework.beans.factory.support.ConstructorResolver.instantiate(ConstructorResolver.java:321) ~[spring-beans-6.2.1.jar:6.2.1]
	at org.springframework.beans.factory.support.ConstructorResolver.autowireConstructor(ConstructorResolver.java:309) ~[spring-beans-6.2.1.jar:6.2.1]
	at org.springframework.beans.factory.support.AbstractAutowireCapableBeanFactory.autowireConstructor(AbstractAutowireCapableBeanFactory.java:1377) ~[spring-beans-6.2.1.jar:6.2.1]
	at org.springframework.beans.factory.support.AbstractAutowireCapableBeanFactory.createBeanInstance(AbstractAutowireCapableBeanFactory.java:1214) ~[spring-beans-6.2.1.jar:6.2.1]
	at org.springframework.beans.factory.support.AbstractAutowireCapableBeanFactory.doCreateBean(AbstractAutowireCapableBeanFactory.java:563) ~[spring-beans-6.2.1.jar:6.2.1]
	at org.springframework.beans.factory.support.AbstractAutowireCapableBeanFactory.createBean(AbstractAutowireCapableBeanFactory.java:523) ~[spring-beans-6.2.1.jar:6.2.1]
	at org.springframework.beans.factory.support.AbstractBeanFactory.lambda$doGetBean$0(AbstractBeanFactory.java:336) ~[spring-beans-6.2.1.jar:6.2.1]
	at org.springframework.beans.factory.support.DefaultSingletonBeanRegistry.getSingleton(DefaultSingletonBeanRegistry.java:289) ~[spring-beans-6.2.1.jar:6.2.1]
	at org.springframework.beans.factory.support.AbstractBeanFactory.doGetBean(AbstractBeanFactory.java:334) ~[spring-beans-6.2.1.jar:6.2.1]
	at org.springframework.beans.factory.support.AbstractBeanFactory.getBean(AbstractBeanFactory.java:199) ~[spring-beans-6.2.1.jar:6.2.1]
	at org.springframework.beans.factory.support.DefaultListableBeanFactory.instantiateSingleton(DefaultListableBeanFactory.java:1122) ~[spring-beans-6.2.1.jar:6.2.1]
	at org.springframework.beans.factory.support.DefaultListableBeanFactory.preInstantiateSingleton(DefaultListableBeanFactory.java:1093) ~[spring-beans-6.2.1.jar:6.2.1]
	at org.springframework.beans.factory.support.DefaultListableBeanFactory.preInstantiateSingletons(DefaultListableBeanFactory.java:1030) ~[spring-beans-6.2.1.jar:6.2.1]
	at org.springframework.context.support.AbstractApplicationContext.finishBeanFactoryInitialization(AbstractApplicationContext.java:987) ~[spring-context-6.2.1.jar:6.2.1]
	at org.springframework.context.support.AbstractApplicationContext.refresh(AbstractApplicationContext.java:627) ~[spring-context-6.2.1.jar:6.2.1]
	at org.springframework.boot.web.servlet.context.ServletWebServerApplicationContext.refresh(ServletWebServerApplicationContext.java:146) ~[spring-boot-3.4.1.jar:3.4.1]
	at org.springframework.boot.SpringApplication.refresh(SpringApplication.java:752) ~[spring-boot-3.4.1.jar:3.4.1]
	at org.springframework.boot.SpringApplication.refreshContext(SpringApplication.java:439) ~[spring-boot-3.4.1.jar:3.4.1]
	at org.springframework.boot.SpringApplication.run(SpringApplication.java:318) ~[spring-boot-3.4.1.jar:3.4.1]
	at org.springframework.boot.SpringApplication.run(SpringApplication.java:1361) ~[spring-boot-3.4.1.jar:3.4.1]
	at org.springframework.boot.SpringApplication.run(SpringApplication.java:1350) ~[spring-boot-3.4.1.jar:3.4.1]
	at com.example.demo.SpringBootShoppingAppApplication.main(SpringBootShoppingAppApplication.java:10) ~[classes/:na]
	at java.base/jdk.internal.reflect.DirectMethodHandleAccessor.invoke(DirectMethodHandleAccessor.java:103) ~[na:na]
	at java.base/java.lang.reflect.Method.invoke(Method.java:580) ~[na:na]
	at org.springframework.boot.devtools.restart.RestartLauncher.run(RestartLauncher.java:50) ~[spring-boot-devtools-3.4.1.jar:3.4.1]
Caused by: org.springframework.beans.BeanInstantiationException: Failed to instantiate [com.example.demo.controller.CartController]: Constructor threw exception
	at org.springframework.beans.BeanUtils.instantiateClass(BeanUtils.java:222) ~[spring-beans-6.2.1.jar:6.2.1]
	at org.springframework.beans.factory.support.SimpleInstantiationStrategy.instantiate(SimpleInstantiationStrategy.java:145) ~[spring-beans-6.2.1.jar:6.2.1]
	at org.springframework.beans.factory.support.ConstructorResolver.instantiate(ConstructorResolver.java:318) ~[spring-beans-6.2.1.jar:6.2.1]
	... 24 common frames omitted
Caused by: java.lang.Error: Unresolved compilation problems: 
	Syntax error, insert "Identifier (" to complete ConstructorHeaderName
	Syntax error, insert ")" to complete ConstructorDeclaration
	Syntax error, insert ";" to complete ConstructorDeclaration

	at com.example.demo.controller.CartController.<init>(CartController.java:18) ~[classes/:na]
	at java.base/jdk.internal.reflect.DirectConstructorHandleAccessor.newInstance(DirectConstructorHandleAccessor.java:62) ~[na:na]
	at java.base/java.lang.reflect.Constructor.newInstanceWithCaller(Constructor.java:502) ~[na:na]
	at java.base/java.lang.reflect.Constructor.newInstance(Constructor.java:486) ~[na:na]
	at org.springframework.beans.BeanUtils.instantiateClass(BeanUtils.java:209) ~[spring-beans-6.2.1.jar:6.2.1]
	... 26 common frames omitted

2025-01-29T09:19:26.608+05:30  INFO 27640 --- [SpringbootShoppingApp] [restartedMain] c.e.d.SpringBootShoppingAppApplication   : Starting SpringBootShoppingAppApplication using Java 21.0.5 with PID 27640 (C:\Users\2380209\git\repository\SpringBootShoppingApp\target\classes started by 2380209 in C:\Users\2380209\git\repository\SpringBootShoppingApp)
2025-01-29T09:19:26.608+05:30  INFO 27640 --- [SpringbootShoppingApp] [restartedMain] c.e.d.SpringBootShoppingAppApplication   : No active profile set, falling back to 1 default profile: "default"
2025-01-29T09:19:26.759+05:30  INFO 27640 --- [SpringbootShoppingApp] [restartedMain] .s.d.r.c.RepositoryConfigurationDelegate : Bootstrapping Spring Data JPA repositories in DEFAULT mode.
2025-01-29T09:19:26.772+05:30  INFO 27640 --- [SpringbootShoppingApp] [restartedMain] .s.d.r.c.RepositoryConfigurationDelegate : Finished Spring Data repository scanning in 11 ms. Found 2 JPA repository interfaces.
2025-01-29T09:19:26.833+05:30  INFO 27640 --- [SpringbootShoppingApp] [restartedMain] o.s.b.w.embedded.tomcat.TomcatWebServer  : Tomcat initialized with port 8080 (http)
2025-01-29T09:19:26.834+05:30  INFO 27640 --- [SpringbootShoppingApp] [restartedMain] o.apache.catalina.core.StandardService   : Starting service [Tomcat]
2025-01-29T09:19:26.834+05:30  INFO 27640 --- [SpringbootShoppingApp] [restartedMain] o.apache.catalina.core.StandardEngine    : Starting Servlet engine: [Apache Tomcat/10.1.34]
2025-01-29T09:19:26.857+05:30  INFO 27640 --- [SpringbootShoppingApp] [restartedMain] o.a.c.c.C.[Tomcat-2].[localhost].[/]     : Initializing Spring embedded WebApplicationContext
2025-01-29T09:19:26.857+05:30  INFO 27640 --- [SpringbootShoppingApp] [restartedMain] w.s.c.ServletWebServerApplicationContext : Root WebApplicationContext: initialization completed in 248 ms
2025-01-29T09:19:26.882+05:30  INFO 27640 --- [SpringbootShoppingApp] [restartedMain] o.hibernate.jpa.internal.util.LogHelper  : HHH000204: Processing PersistenceUnitInfo [name: default]
2025-01-29T09:19:26.885+05:30  INFO 27640 --- [SpringbootShoppingApp] [restartedMain] o.h.c.internal.RegionFactoryInitiator    : HHH000026: Second-level cache disabled
2025-01-29T09:19:26.894+05:30  INFO 27640 --- [SpringbootShoppingApp] [restartedMain] o.s.o.j.p.SpringPersistenceUnitInfo      : No LoadTimeWeaver setup: ignoring JPA class transformer
2025-01-29T09:19:26.895+05:30  INFO 27640 --- [SpringbootShoppingApp] [restartedMain] com.zaxxer.hikari.HikariDataSource       : HikariPool-5 - Starting...
2025-01-29T09:19:26.908+05:30  INFO 27640 --- [SpringbootShoppingApp] [restartedMain] com.zaxxer.hikari.pool.HikariPool        : HikariPool-5 - Added connection com.mysql.cj.jdbc.ConnectionImpl@550be666
2025-01-29T09:19:26.908+05:30  INFO 27640 --- [SpringbootShoppingApp] [restartedMain] com.zaxxer.hikari.HikariDataSource       : HikariPool-5 - Start completed.
2025-01-29T09:19:26.910+05:30  INFO 27640 --- [SpringbootShoppingApp] [restartedMain] org.hibernate.orm.connections.pooling    : HHH10001005: Database info:
	Database JDBC URL [Connecting through datasource 'HikariDataSource (HikariPool-5)']
	Database driver: undefined/unknown
	Database version: 8.0.40
	Autocommit mode: undefined/unknown
	Isolation level: undefined/unknown
	Minimum pool size: undefined/unknown
	Maximum pool size: undefined/unknown
2025-01-29T09:19:26.964+05:30  INFO 27640 --- [SpringbootShoppingApp] [restartedMain] o.h.e.t.j.p.i.JtaPlatformInitiator       : HHH000489: No JTA platform available (set 'hibernate.transaction.jta.platform' to enable JTA platform integration)
2025-01-29T09:19:27.138+05:30  INFO 27640 --- [SpringbootShoppingApp] [restartedMain] j.LocalContainerEntityManagerFactoryBean : Initialized JPA EntityManagerFactory for persistence unit 'default'
2025-01-29T09:19:27.201+05:30  WARN 27640 --- [SpringbootShoppingApp] [restartedMain] JpaBaseConfiguration$JpaWebConfiguration : spring.jpa.open-in-view is enabled by default. Therefore, database queries may be performed during view rendering. Explicitly configure spring.jpa.open-in-view to disable this warning
2025-01-29T09:19:27.317+05:30  WARN 27640 --- [SpringbootShoppingApp] [restartedMain] o.s.b.d.a.OptionalLiveReloadServer       : Unable to start LiveReload server
2025-01-29T09:19:27.328+05:30  INFO 27640 --- [SpringbootShoppingApp] [restartedMain] o.s.b.w.embedded.tomcat.TomcatWebServer  : Tomcat started on port 8080 (http) with context path '/'
2025-01-29T09:19:27.331+05:30  INFO 27640 --- [SpringbootShoppingApp] [restartedMain] c.e.d.SpringBootShoppingAppApplication   : Started SpringBootShoppingAppApplication in 0.745 seconds (process running for 73761.529)
2025-01-29T09:19:27.333+05:30  INFO 27640 --- [SpringbootShoppingApp] [restartedMain] .ConditionEvaluationDeltaLoggingListener : Condition evaluation unchanged
2025-01-29T09:22:02.849+05:30  INFO 27640 --- [SpringbootShoppingApp] [File Watcher] rtingClassPathChangeChangedEventListener : Restarting due to 1 class path change (0 additions, 0 deletions, 1 modification)
2025-01-29T09:22:02.852+05:30  INFO 27640 --- [SpringbootShoppingApp] [Thread-9] o.s.b.w.e.tomcat.GracefulShutdown        : Commencing graceful shutdown. Waiting for active requests to complete
2025-01-29T09:22:02.857+05:30  INFO 27640 --- [SpringbootShoppingApp] [tomcat-shutdown] o.s.b.w.e.tomcat.GracefulShutdown        : Graceful shutdown complete
2025-01-29T09:22:02.859+05:30  INFO 27640 --- [SpringbootShoppingApp] [Thread-9] j.LocalContainerEntityManagerFactoryBean : Closing JPA EntityManagerFactory for persistence unit 'default'
2025-01-29T09:22:02.860+05:30  INFO 27640 --- [SpringbootShoppingApp] [Thread-9] com.zaxxer.hikari.HikariDataSource       : HikariPool-5 - Shutdown initiated...
2025-01-29T09:22:02.868+05:30  INFO 27640 --- [SpringbootShoppingApp] [Thread-9] com.zaxxer.hikari.HikariDataSource       : HikariPool-5 - Shutdown completed.
2025-01-29T09:22:02.960+05:30  INFO 27640 --- [SpringbootShoppingApp] [restartedMain] c.e.d.SpringBootShoppingAppApplication   : Starting SpringBootShoppingAppApplication using Java 21.0.5 with PID 27640 (C:\Users\2380209\git\repository\SpringBootShoppingApp\target\classes started by 2380209 in C:\Users\2380209\git\repository\SpringBootShoppingApp)
2025-01-29T09:22:02.961+05:30  INFO 27640 --- [SpringbootShoppingApp] [restartedMain] c.e.d.SpringBootShoppingAppApplication   : No active profile set, falling back to 1 default profile: "default"
2025-01-29T09:22:03.145+05:30  INFO 27640 --- [SpringbootShoppingApp] [restartedMain] .s.d.r.c.RepositoryConfigurationDelegate : Bootstrapping Spring Data JPA repositories in DEFAULT mode.
2025-01-29T09:22:03.157+05:30  INFO 27640 --- [SpringbootShoppingApp] [restartedMain] .s.d.r.c.RepositoryConfigurationDelegate : Finished Spring Data repository scanning in 11 ms. Found 2 JPA repository interfaces.
2025-01-29T09:22:03.222+05:30  INFO 27640 --- [SpringbootShoppingApp] [restartedMain] o.s.b.w.embedded.tomcat.TomcatWebServer  : Tomcat initialized with port 8080 (http)
2025-01-29T09:22:03.222+05:30  INFO 27640 --- [SpringbootShoppingApp] [restartedMain] o.apache.catalina.core.StandardService   : Starting service [Tomcat]
2025-01-29T09:22:03.223+05:30  INFO 27640 --- [SpringbootShoppingApp] [restartedMain] o.apache.catalina.core.StandardEngine    : Starting Servlet engine: [Apache Tomcat/10.1.34]
2025-01-29T09:22:03.241+05:30  INFO 27640 --- [SpringbootShoppingApp] [restartedMain] o.a.c.c.C.[Tomcat-2].[localhost].[/]     : Initializing Spring embedded WebApplicationContext
2025-01-29T09:22:03.241+05:30  INFO 27640 --- [SpringbootShoppingApp] [restartedMain] w.s.c.ServletWebServerApplicationContext : Root WebApplicationContext: initialization completed in 278 ms
2025-01-29T09:22:03.267+05:30  INFO 27640 --- [SpringbootShoppingApp] [restartedMain] o.hibernate.jpa.internal.util.LogHelper  : HHH000204: Processing PersistenceUnitInfo [name: default]
2025-01-29T09:22:03.269+05:30  INFO 27640 --- [SpringbootShoppingApp] [restartedMain] o.h.c.internal.RegionFactoryInitiator    : HHH000026: Second-level cache disabled
2025-01-29T09:22:03.277+05:30  INFO 27640 --- [SpringbootShoppingApp] [restartedMain] o.s.o.j.p.SpringPersistenceUnitInfo      : No LoadTimeWeaver setup: ignoring JPA class transformer
2025-01-29T09:22:03.278+05:30  INFO 27640 --- [SpringbootShoppingApp] [restartedMain] com.zaxxer.hikari.HikariDataSource       : HikariPool-6 - Starting...
2025-01-29T09:22:03.290+05:30  INFO 27640 --- [SpringbootShoppingApp] [restartedMain] com.zaxxer.hikari.pool.HikariPool        : HikariPool-6 - Added connection com.mysql.cj.jdbc.ConnectionImpl@7c3d9335
2025-01-29T09:22:03.290+05:30  INFO 27640 --- [SpringbootShoppingApp] [restartedMain] com.zaxxer.hikari.HikariDataSource       : HikariPool-6 - Start completed.
2025-01-29T09:22:03.292+05:30  INFO 27640 --- [SpringbootShoppingApp] [restartedMain] org.hibernate.orm.connections.pooling    : HHH10001005: Database info:
	Database JDBC URL [Connecting through datasource 'HikariDataSource (HikariPool-6)']
	Database driver: undefined/unknown
	Database version: 8.0.40
	Autocommit mode: undefined/unknown
	Isolation level: undefined/unknown
	Minimum pool size: undefined/unknown
	Maximum pool size: undefined/unknown
2025-01-29T09:22:03.333+05:30  INFO 27640 --- [SpringbootShoppingApp] [restartedMain] o.h.e.t.j.p.i.JtaPlatformInitiator       : HHH000489: No JTA platform available (set 'hibernate.transaction.jta.platform' to enable JTA platform integration)
2025-01-29T09:22:03.491+05:30  INFO 27640 --- [SpringbootShoppingApp] [restartedMain] j.LocalContainerEntityManagerFactoryBean : Initialized JPA EntityManagerFactory for persistence unit 'default'
2025-01-29T09:22:03.600+05:30  WARN 27640 --- [SpringbootShoppingApp] [restartedMain] JpaBaseConfiguration$JpaWebConfiguration : spring.jpa.open-in-view is enabled by default. Therefore, database queries may be performed during view rendering. Explicitly configure spring.jpa.open-in-view to disable this warning
2025-01-29T09:22:03.703+05:30  WARN 27640 --- [SpringbootShoppingApp] [restartedMain] o.s.b.d.a.OptionalLiveReloadServer       : Unable to start LiveReload server
2025-01-29T09:22:03.712+05:30  INFO 27640 --- [SpringbootShoppingApp] [restartedMain] o.s.b.w.embedded.tomcat.TomcatWebServer  : Tomcat started on port 8080 (http) with context path '/'
2025-01-29T09:22:03.716+05:30  INFO 27640 --- [SpringbootShoppingApp] [restartedMain] c.e.d.SpringBootShoppingAppApplication   : Started SpringBootShoppingAppApplication in 0.786 seconds (process running for 73917.914)
2025-01-29T09:22:03.717+05:30  INFO 27640 --- [SpringbootShoppingApp] [restartedMain] .ConditionEvaluationDeltaLoggingListener : Condition evaluation unchanged
2025-01-29T09:26:54.083+05:30  INFO 27640 --- [SpringbootShoppingApp] [File Watcher] rtingClassPathChangeChangedEventListener : Restarting due to 2 class path changes (0 additions, 0 deletions, 2 modifications)
2025-01-29T09:26:54.086+05:30  INFO 27640 --- [SpringbootShoppingApp] [Thread-19] o.s.b.w.e.tomcat.GracefulShutdown        : Commencing graceful shutdown. Waiting for active requests to complete
2025-01-29T09:26:54.093+05:30  INFO 27640 --- [SpringbootShoppingApp] [tomcat-shutdown] o.s.b.w.e.tomcat.GracefulShutdown        : Graceful shutdown complete
2025-01-29T09:26:54.096+05:30  INFO 27640 --- [SpringbootShoppingApp] [Thread-19] j.LocalContainerEntityManagerFactoryBean : Closing JPA EntityManagerFactory for persistence unit 'default'
2025-01-29T09:26:54.096+05:30  INFO 27640 --- [SpringbootShoppingApp] [Thread-19] com.zaxxer.hikari.HikariDataSource       : HikariPool-6 - Shutdown initiated...
2025-01-29T09:26:54.100+05:30  INFO 27640 --- [SpringbootShoppingApp] [Thread-19] com.zaxxer.hikari.HikariDataSource       : HikariPool-6 - Shutdown completed.
2025-01-29T09:26:54.182+05:30  INFO 27640 --- [SpringbootShoppingApp] [restartedMain] c.e.d.SpringBootShoppingAppApplication   : Starting SpringBootShoppingAppApplication using Java 21.0.5 with PID 27640 (C:\Users\2380209\git\repository\SpringBootShoppingApp\target\classes started by 2380209 in C:\Users\2380209\git\repository\SpringBootShoppingApp)
2025-01-29T09:26:54.182+05:30  INFO 27640 --- [SpringbootShoppingApp] [restartedMain] c.e.d.SpringBootShoppingAppApplication   : No active profile set, falling back to 1 default profile: "default"
2025-01-29T09:26:54.334+05:30  INFO 27640 --- [SpringbootShoppingApp] [restartedMain] .s.d.r.c.RepositoryConfigurationDelegate : Bootstrapping Spring Data JPA repositories in DEFAULT mode.
2025-01-29T09:26:54.344+05:30  INFO 27640 --- [SpringbootShoppingApp] [restartedMain] .s.d.r.c.RepositoryConfigurationDelegate : Finished Spring Data repository scanning in 8 ms. Found 2 JPA repository interfaces.
2025-01-29T09:26:54.402+05:30  INFO 27640 --- [SpringbootShoppingApp] [restartedMain] o.s.b.w.embedded.tomcat.TomcatWebServer  : Tomcat initialized with port 8080 (http)
2025-01-29T09:26:54.403+05:30  INFO 27640 --- [SpringbootShoppingApp] [restartedMain] o.apache.catalina.core.StandardService   : Starting service [Tomcat]
2025-01-29T09:26:54.403+05:30  INFO 27640 --- [SpringbootShoppingApp] [restartedMain] o.apache.catalina.core.StandardEngine    : Starting Servlet engine: [Apache Tomcat/10.1.34]
2025-01-29T09:26:54.441+05:30  INFO 27640 --- [SpringbootShoppingApp] [restartedMain] o.a.c.c.C.[Tomcat-2].[localhost].[/]     : Initializing Spring embedded WebApplicationContext
2025-01-29T09:26:54.442+05:30  INFO 27640 --- [SpringbootShoppingApp] [restartedMain] w.s.c.ServletWebServerApplicationContext : Root WebApplicationContext: initialization completed in 259 ms
2025-01-29T09:26:54.471+05:30  INFO 27640 --- [SpringbootShoppingApp] [restartedMain] o.hibernate.jpa.internal.util.LogHelper  : HHH000204: Processing PersistenceUnitInfo [name: default]
2025-01-29T09:26:54.472+05:30  INFO 27640 --- [SpringbootShoppingApp] [restartedMain] o.h.c.internal.RegionFactoryInitiator    : HHH000026: Second-level cache disabled
2025-01-29T09:26:54.481+05:30  INFO 27640 --- [SpringbootShoppingApp] [restartedMain] o.s.o.j.p.SpringPersistenceUnitInfo      : No LoadTimeWeaver setup: ignoring JPA class transformer
2025-01-29T09:26:54.482+05:30  INFO 27640 --- [SpringbootShoppingApp] [restartedMain] com.zaxxer.hikari.HikariDataSource       : HikariPool-7 - Starting...
2025-01-29T09:26:54.494+05:30  INFO 27640 --- [SpringbootShoppingApp] [restartedMain] com.zaxxer.hikari.pool.HikariPool        : HikariPool-7 - Added connection com.mysql.cj.jdbc.ConnectionImpl@25011b4a
2025-01-29T09:26:54.494+05:30  INFO 27640 --- [SpringbootShoppingApp] [restartedMain] com.zaxxer.hikari.HikariDataSource       : HikariPool-7 - Start completed.
2025-01-29T09:26:54.495+05:30  INFO 27640 --- [SpringbootShoppingApp] [restartedMain] org.hibernate.orm.connections.pooling    : HHH10001005: Database info:
	Database JDBC URL [Connecting through datasource 'HikariDataSource (HikariPool-7)']
	Database driver: undefined/unknown
	Database version: 8.0.40
	Autocommit mode: undefined/unknown
	Isolation level: undefined/unknown
	Minimum pool size: undefined/unknown
	Maximum pool size: undefined/unknown
2025-01-29T09:26:54.538+05:30  INFO 27640 --- [SpringbootShoppingApp] [restartedMain] o.h.e.t.j.p.i.JtaPlatformInitiator       : HHH000489: No JTA platform available (set 'hibernate.transaction.jta.platform' to enable JTA platform integration)
2025-01-29T09:26:54.691+05:30  INFO 27640 --- [SpringbootShoppingApp] [restartedMain] j.LocalContainerEntityManagerFactoryBean : Initialized JPA EntityManagerFactory for persistence unit 'default'
2025-01-29T09:26:54.798+05:30  WARN 27640 --- [SpringbootShoppingApp] [restartedMain] JpaBaseConfiguration$JpaWebConfiguration : spring.jpa.open-in-view is enabled by default. Therefore, database queries may be performed during view rendering. Explicitly configure spring.jpa.open-in-view to disable this warning
2025-01-29T09:26:54.866+05:30  WARN 27640 --- [SpringbootShoppingApp] [restartedMain] o.s.b.d.a.OptionalLiveReloadServer       : Unable to start LiveReload server
2025-01-29T09:26:54.875+05:30  INFO 27640 --- [SpringbootShoppingApp] [restartedMain] o.s.b.w.embedded.tomcat.TomcatWebServer  : Tomcat started on port 8080 (http) with context path '/'
2025-01-29T09:26:54.879+05:30  INFO 27640 --- [SpringbootShoppingApp] [restartedMain] c.e.d.SpringBootShoppingAppApplication   : Started SpringBootShoppingAppApplication in 0.716 seconds (process running for 74209.076)
2025-01-29T09:26:54.880+05:30  INFO 27640 --- [SpringbootShoppingApp] [restartedMain] .ConditionEvaluationDeltaLoggingListener : Condition evaluation unchanged
2025-01-29T09:26:58.372+05:30  INFO 27640 --- [SpringbootShoppingApp] [File Watcher] rtingClassPathChangeChangedEventListener : Restarting due to 1 class path change (0 additions, 0 deletions, 1 modification)
2025-01-29T09:26:58.374+05:30  INFO 27640 --- [SpringbootShoppingApp] [Thread-23] o.s.b.w.e.tomcat.GracefulShutdown        : Commencing graceful shutdown. Waiting for active requests to complete
2025-01-29T09:26:58.379+05:30  INFO 27640 --- [SpringbootShoppingApp] [tomcat-shutdown] o.s.b.w.e.tomcat.GracefulShutdown        : Graceful shutdown complete
2025-01-29T09:26:58.381+05:30  INFO 27640 --- [SpringbootShoppingApp] [Thread-23] j.LocalContainerEntityManagerFactoryBean : Closing JPA EntityManagerFactory for persistence unit 'default'
2025-01-29T09:26:58.381+05:30  INFO 27640 --- [SpringbootShoppingApp] [Thread-23] com.zaxxer.hikari.HikariDataSource       : HikariPool-7 - Shutdown initiated...
2025-01-29T09:26:58.386+05:30  INFO 27640 --- [SpringbootShoppingApp] [Thread-23] com.zaxxer.hikari.HikariDataSource       : HikariPool-7 - Shutdown completed.
2025-01-29T09:26:58.473+05:30  INFO 27640 --- [SpringbootShoppingApp] [restartedMain] c.e.d.SpringBootShoppingAppApplication   : Starting SpringBootShoppingAppApplication using Java 21.0.5 with PID 27640 (C:\Users\2380209\git\repository\SpringBootShoppingApp\target\classes started by 2380209 in C:\Users\2380209\git\repository\SpringBootShoppingApp)
2025-01-29T09:26:58.473+05:30  INFO 27640 --- [SpringbootShoppingApp] [restartedMain] c.e.d.SpringBootShoppingAppApplication   : No active profile set, falling back to 1 default profile: "default"
2025-01-29T09:26:58.617+05:30  INFO 27640 --- [SpringbootShoppingApp] [restartedMain] .s.d.r.c.RepositoryConfigurationDelegate : Bootstrapping Spring Data JPA repositories in DEFAULT mode.
2025-01-29T09:26:58.633+05:30  INFO 27640 --- [SpringbootShoppingApp] [restartedMain] .s.d.r.c.RepositoryConfigurationDelegate : Finished Spring Data repository scanning in 14 ms. Found 2 JPA repository interfaces.
2025-01-29T09:26:58.711+05:30  INFO 27640 --- [SpringbootShoppingApp] [restartedMain] o.s.b.w.embedded.tomcat.TomcatWebServer  : Tomcat initialized with port 8080 (http)
2025-01-29T09:26:58.711+05:30  INFO 27640 --- [SpringbootShoppingApp] [restartedMain] o.apache.catalina.core.StandardService   : Starting service [Tomcat]
2025-01-29T09:26:58.712+05:30  INFO 27640 --- [SpringbootShoppingApp] [restartedMain] o.apache.catalina.core.StandardEngine    : Starting Servlet engine: [Apache Tomcat/10.1.34]
2025-01-29T09:26:58.733+05:30  INFO 27640 --- [SpringbootShoppingApp] [restartedMain] o.a.c.c.C.[Tomcat-2].[localhost].[/]     : Initializing Spring embedded WebApplicationContext
2025-01-29T09:26:58.733+05:30  INFO 27640 --- [SpringbootShoppingApp] [restartedMain] w.s.c.ServletWebServerApplicationContext : Root WebApplicationContext: initialization completed in 258 ms
2025-01-29T09:26:58.764+05:30  INFO 27640 --- [SpringbootShoppingApp] [restartedMain] o.hibernate.jpa.internal.util.LogHelper  : HHH000204: Processing PersistenceUnitInfo [name: default]
2025-01-29T09:26:58.765+05:30  INFO 27640 --- [SpringbootShoppingApp] [restartedMain] o.h.c.internal.RegionFactoryInitiator    : HHH000026: Second-level cache disabled
2025-01-29T09:26:58.772+05:30  INFO 27640 --- [SpringbootShoppingApp] [restartedMain] o.s.o.j.p.SpringPersistenceUnitInfo      : No LoadTimeWeaver setup: ignoring JPA class transformer
2025-01-29T09:26:58.773+05:30  INFO 27640 --- [SpringbootShoppingApp] [restartedMain] com.zaxxer.hikari.HikariDataSource       : HikariPool-8 - Starting...
2025-01-29T09:26:58.785+05:30  INFO 27640 --- [SpringbootShoppingApp] [restartedMain] com.zaxxer.hikari.pool.HikariPool        : HikariPool-8 - Added connection com.mysql.cj.jdbc.ConnectionImpl@4e44000f
2025-01-29T09:26:58.785+05:30  INFO 27640 --- [SpringbootShoppingApp] [restartedMain] com.zaxxer.hikari.HikariDataSource       : HikariPool-8 - Start completed.
2025-01-29T09:26:58.786+05:30  INFO 27640 --- [SpringbootShoppingApp] [restartedMain] org.hibernate.orm.connections.pooling    : HHH10001005: Database info:
	Database JDBC URL [Connecting through datasource 'HikariDataSource (HikariPool-8)']
	Database driver: undefined/unknown
	Database version: 8.0.40
	Autocommit mode: undefined/unknown
	Isolation level: undefined/unknown
	Minimum pool size: undefined/unknown
	Maximum pool size: undefined/unknown
2025-01-29T09:26:58.826+05:30  INFO 27640 --- [SpringbootShoppingApp] [restartedMain] o.h.e.t.j.p.i.JtaPlatformInitiator       : HHH000489: No JTA platform available (set 'hibernate.transaction.jta.platform' to enable JTA platform integration)
2025-01-29T09:26:58.971+05:30  INFO 27640 --- [SpringbootShoppingApp] [restartedMain] j.LocalContainerEntityManagerFactoryBean : Initialized JPA EntityManagerFactory for persistence unit 'default'
2025-01-29T09:26:59.088+05:30  WARN 27640 --- [SpringbootShoppingApp] [restartedMain] JpaBaseConfiguration$JpaWebConfiguration : spring.jpa.open-in-view is enabled by default. Therefore, database queries may be performed during view rendering. Explicitly configure spring.jpa.open-in-view to disable this warning
2025-01-29T09:26:59.183+05:30  WARN 27640 --- [SpringbootShoppingApp] [restartedMain] o.s.b.d.a.OptionalLiveReloadServer       : Unable to start LiveReload server
2025-01-29T09:26:59.193+05:30  INFO 27640 --- [SpringbootShoppingApp] [restartedMain] o.s.b.w.embedded.tomcat.TomcatWebServer  : Tomcat started on port 8080 (http) with context path '/'
2025-01-29T09:26:59.196+05:30  INFO 27640 --- [SpringbootShoppingApp] [restartedMain] c.e.d.SpringBootShoppingAppApplication   : Started SpringBootShoppingAppApplication in 0.748 seconds (process running for 74213.393)
2025-01-29T09:26:59.198+05:30  INFO 27640 --- [SpringbootShoppingApp] [restartedMain] .ConditionEvaluationDeltaLoggingListener : Condition evaluation unchanged
2025-01-29T09:28:38.198+05:30  INFO 27640 --- [SpringbootShoppingApp] [RMI TCP Connection(297)-127.0.0.1] inMXBeanRegistrar$SpringApplicationAdmin : Application shutdown requested.
2025-01-29T09:28:38.199+05:30  INFO 27640 --- [SpringbootShoppingApp] [RMI TCP Connection(297)-127.0.0.1] o.s.b.w.e.tomcat.GracefulShutdown        : Commencing graceful shutdown. Waiting for active requests to complete
2025-01-29T09:28:38.203+05:30  INFO 27640 --- [SpringbootShoppingApp] [tomcat-shutdown] o.s.b.w.e.tomcat.GracefulShutdown        : Graceful shutdown complete
2025-01-29T09:28:38.205+05:30  INFO 27640 --- [SpringbootShoppingApp] [RMI TCP Connection(297)-127.0.0.1] j.LocalContainerEntityManagerFactoryBean : Closing JPA EntityManagerFactory for persistence unit 'default'
2025-01-29T09:28:38.205+05:30  INFO 27640 --- [SpringbootShoppingApp] [RMI TCP Connection(297)-127.0.0.1] com.zaxxer.hikari.HikariDataSource       : HikariPool-8 - Shutdown initiated...
2025-01-29T09:28:38.212+05:30  INFO 27640 --- [SpringbootShoppingApp] [RMI TCP Connection(297)-127.0.0.1] com.zaxxer.hikari.HikariDataSource       : HikariPool-8 - Shutdown completed.
2025-01-29T09:28:42.987+05:30  INFO 25644 --- [SpringbootShoppingApp] [restartedMain] c.e.d.SpringBootShoppingAppApplication   : Starting SpringBootShoppingAppApplication using Java 21.0.5 with PID 25644 (C:\Users\2380209\git\repository\SpringBootShoppingApp\target\classes started by 2380209 in C:\Users\2380209\git\repository\SpringBootShoppingApp)
2025-01-29T09:28:42.990+05:30  INFO 25644 --- [SpringbootShoppingApp] [restartedMain] c.e.d.SpringBootShoppingAppApplication   : No active profile set, falling back to 1 default profile: "default"
2025-01-29T09:28:43.075+05:30  INFO 25644 --- [SpringbootShoppingApp] [restartedMain] .e.DevToolsPropertyDefaultsPostProcessor : Devtools property defaults active! Set 'spring.devtools.add-properties' to 'false' to disable
2025-01-29T09:28:43.075+05:30  INFO 25644 --- [SpringbootShoppingApp] [restartedMain] .e.DevToolsPropertyDefaultsPostProcessor : For additional web related logging consider setting the 'logging.level.web' property to 'DEBUG'
2025-01-29T09:28:43.819+05:30  INFO 25644 --- [SpringbootShoppingApp] [restartedMain] .s.d.r.c.RepositoryConfigurationDelegate : Bootstrapping Spring Data JPA repositories in DEFAULT mode.
2025-01-29T09:28:43.876+05:30  INFO 25644 --- [SpringbootShoppingApp] [restartedMain] .s.d.r.c.RepositoryConfigurationDelegate : Finished Spring Data repository scanning in 48 ms. Found 2 JPA repository interfaces.
2025-01-29T09:28:44.385+05:30  INFO 25644 --- [SpringbootShoppingApp] [restartedMain] o.s.b.w.embedded.tomcat.TomcatWebServer  : Tomcat initialized with port 8080 (http)
2025-01-29T09:28:44.402+05:30  INFO 25644 --- [SpringbootShoppingApp] [restartedMain] o.apache.catalina.core.StandardService   : Starting service [Tomcat]
2025-01-29T09:28:44.403+05:30  INFO 25644 --- [SpringbootShoppingApp] [restartedMain] o.apache.catalina.core.StandardEngine    : Starting Servlet engine: [Apache Tomcat/10.1.34]
2025-01-29T09:28:44.467+05:30  INFO 25644 --- [SpringbootShoppingApp] [restartedMain] o.a.c.c.C.[Tomcat].[localhost].[/]       : Initializing Spring embedded WebApplicationContext
2025-01-29T09:28:44.467+05:30  INFO 25644 --- [SpringbootShoppingApp] [restartedMain] w.s.c.ServletWebServerApplicationContext : Root WebApplicationContext: initialization completed in 1391 ms
2025-01-29T09:28:44.638+05:30  INFO 25644 --- [SpringbootShoppingApp] [restartedMain] o.hibernate.jpa.internal.util.LogHelper  : HHH000204: Processing PersistenceUnitInfo [name: default]
2025-01-29T09:28:44.731+05:30  INFO 25644 --- [SpringbootShoppingApp] [restartedMain] org.hibernate.Version                    : HHH000412: Hibernate ORM core version 6.6.4.Final
2025-01-29T09:28:44.790+05:30  INFO 25644 --- [SpringbootShoppingApp] [restartedMain] o.h.c.internal.RegionFactoryInitiator    : HHH000026: Second-level cache disabled
2025-01-29T09:28:45.130+05:30  INFO 25644 --- [SpringbootShoppingApp] [restartedMain] o.s.o.j.p.SpringPersistenceUnitInfo      : No LoadTimeWeaver setup: ignoring JPA class transformer
2025-01-29T09:28:45.165+05:30  INFO 25644 --- [SpringbootShoppingApp] [restartedMain] com.zaxxer.hikari.HikariDataSource       : HikariPool-1 - Starting...
2025-01-29T09:28:45.500+05:30  INFO 25644 --- [SpringbootShoppingApp] [restartedMain] com.zaxxer.hikari.pool.HikariPool        : HikariPool-1 - Added connection com.mysql.cj.jdbc.ConnectionImpl@74391d65
2025-01-29T09:28:45.507+05:30  INFO 25644 --- [SpringbootShoppingApp] [restartedMain] com.zaxxer.hikari.HikariDataSource       : HikariPool-1 - Start completed.
2025-01-29T09:28:45.602+05:30  INFO 25644 --- [SpringbootShoppingApp] [restartedMain] org.hibernate.orm.connections.pooling    : HHH10001005: Database info:
	Database JDBC URL [Connecting through datasource 'HikariDataSource (HikariPool-1)']
	Database driver: undefined/unknown
	Database version: 8.0.40
	Autocommit mode: undefined/unknown
	Isolation level: undefined/unknown
	Minimum pool size: undefined/unknown
	Maximum pool size: undefined/unknown
2025-01-29T09:28:46.604+05:30  INFO 25644 --- [SpringbootShoppingApp] [restartedMain] o.h.e.t.j.p.i.JtaPlatformInitiator       : HHH000489: No JTA platform available (set 'hibernate.transaction.jta.platform' to enable JTA platform integration)
2025-01-29T09:28:46.774+05:30  INFO 25644 --- [SpringbootShoppingApp] [restartedMain] j.LocalContainerEntityManagerFactoryBean : Initialized JPA EntityManagerFactory for persistence unit 'default'
2025-01-29T09:28:47.025+05:30  INFO 25644 --- [SpringbootShoppingApp] [restartedMain] o.s.d.j.r.query.QueryEnhancerFactory     : Hibernate is in classpath; If applicable, HQL parser will be used.
2025-01-29T09:28:47.522+05:30  WARN 25644 --- [SpringbootShoppingApp] [restartedMain] JpaBaseConfiguration$JpaWebConfiguration : spring.jpa.open-in-view is enabled by default. Therefore, database queries may be performed during view rendering. Explicitly configure spring.jpa.open-in-view to disable this warning
2025-01-29T09:28:47.938+05:30  INFO 25644 --- [SpringbootShoppingApp] [restartedMain] o.s.b.d.a.OptionalLiveReloadServer       : LiveReload server is running on port 35729
2025-01-29T09:28:47.981+05:30  INFO 25644 --- [SpringbootShoppingApp] [restartedMain] o.s.b.w.embedded.tomcat.TomcatWebServer  : Tomcat started on port 8080 (http) with context path '/'
2025-01-29T09:28:47.990+05:30  INFO 25644 --- [SpringbootShoppingApp] [restartedMain] c.e.d.SpringBootShoppingAppApplication   : Started SpringBootShoppingAppApplication in 5.371 seconds (process running for 6.073)
2025-01-29T09:29:29.919+05:30  INFO 25644 --- [SpringbootShoppingApp] [http-nio-8080-exec-2] o.a.c.c.C.[Tomcat].[localhost].[/]       : Initializing Spring DispatcherServlet 'dispatcherServlet'
2025-01-29T09:29:29.919+05:30  INFO 25644 --- [SpringbootShoppingApp] [http-nio-8080-exec-2] o.s.web.servlet.DispatcherServlet        : Initializing Servlet 'dispatcherServlet'
2025-01-29T09:29:29.920+05:30  INFO 25644 --- [SpringbootShoppingApp] [http-nio-8080-exec-2] o.s.web.servlet.DispatcherServlet        : Completed initialization in 1 ms
2025-01-29T09:29:30.072+05:30  WARN 25644 --- [SpringbootShoppingApp] [http-nio-8080-exec-2] .m.m.a.ExceptionHandlerExceptionResolver : Resolved [org.springframework.web.servlet.resource.NoResourceFoundException: No static resource cart/update/123.]
2025-01-29T09:31:21.314+05:30  WARN 25644 --- [SpringbootShoppingApp] [http-nio-8080-exec-5] .m.m.a.ExceptionHandlerExceptionResolver : Resolved [org.springframework.web.servlet.resource.NoResourceFoundException: No static resource cart/update/123.]
2025-01-29T09:31:22.746+05:30  WARN 25644 --- [SpringbootShoppingApp] [http-nio-8080-exec-6] .m.m.a.ExceptionHandlerExceptionResolver : Resolved [org.springframework.web.servlet.resource.NoResourceFoundException: No static resource cart/update/123.]
2025-01-29T09:31:24.039+05:30  WARN 25644 --- [SpringbootShoppingApp] [http-nio-8080-exec-7] .m.m.a.ExceptionHandlerExceptionResolver : Resolved [org.springframework.web.servlet.resource.NoResourceFoundException: No static resource cart/update/123.]
2025-01-29T09:31:45.613+05:30  WARN 25644 --- [SpringbootShoppingApp] [http-nio-8080-exec-8] .m.m.a.ExceptionHandlerExceptionResolver : Resolved [org.springframework.web.servlet.resource.NoResourceFoundException: No static resource cart/update/123.]
2025-01-29T09:31:48.406+05:30  WARN 25644 --- [SpringbootShoppingApp] [http-nio-8080-exec-9] .m.m.a.ExceptionHandlerExceptionResolver : Resolved [org.springframework.web.servlet.resource.NoResourceFoundException: No static resource cart/update/123.]
2025-01-29T09:36:45.078+05:30  INFO 25644 --- [SpringbootShoppingApp] [File Watcher] rtingClassPathChangeChangedEventListener : Restarting due to 1 class path change (0 additions, 0 deletions, 1 modification)
2025-01-29T09:36:45.081+05:30  INFO 25644 --- [SpringbootShoppingApp] [Thread-5] o.s.b.w.e.tomcat.GracefulShutdown        : Commencing graceful shutdown. Waiting for active requests to complete
2025-01-29T09:36:45.086+05:30  INFO 25644 --- [SpringbootShoppingApp] [tomcat-shutdown] o.s.b.w.e.tomcat.GracefulShutdown        : Graceful shutdown complete
2025-01-29T09:36:45.091+05:30  INFO 25644 --- [SpringbootShoppingApp] [Thread-5] j.LocalContainerEntityManagerFactoryBean : Closing JPA EntityManagerFactory for persistence unit 'default'
2025-01-29T09:36:45.094+05:30  INFO 25644 --- [SpringbootShoppingApp] [Thread-5] com.zaxxer.hikari.HikariDataSource       : HikariPool-1 - Shutdown initiated...
2025-01-29T09:36:45.104+05:30  INFO 25644 --- [SpringbootShoppingApp] [Thread-5] com.zaxxer.hikari.HikariDataSource       : HikariPool-1 - Shutdown completed.
2025-01-29T09:36:45.184+05:30  INFO 25644 --- [SpringbootShoppingApp] [restartedMain] c.e.d.SpringBootShoppingAppApplication   : Starting SpringBootShoppingAppApplication using Java 21.0.5 with PID 25644 (C:\Users\2380209\git\repository\SpringBootShoppingApp\target\classes started by 2380209 in C:\Users\2380209\git\repository\SpringBootShoppingApp)
2025-01-29T09:36:45.185+05:30  INFO 25644 --- [SpringbootShoppingApp] [restartedMain] c.e.d.SpringBootShoppingAppApplication   : No active profile set, falling back to 1 default profile: "default"
2025-01-29T09:36:45.403+05:30  INFO 25644 --- [SpringbootShoppingApp] [restartedMain] .s.d.r.c.RepositoryConfigurationDelegate : Bootstrapping Spring Data JPA repositories in DEFAULT mode.
2025-01-29T09:36:45.415+05:30  INFO 25644 --- [SpringbootShoppingApp] [restartedMain] .s.d.r.c.RepositoryConfigurationDelegate : Finished Spring Data repository scanning in 10 ms. Found 2 JPA repository interfaces.
2025-01-29T09:36:45.488+05:30  INFO 25644 --- [SpringbootShoppingApp] [restartedMain] o.s.b.w.embedded.tomcat.TomcatWebServer  : Tomcat initialized with port 8080 (http)
2025-01-29T09:36:45.489+05:30  INFO 25644 --- [SpringbootShoppingApp] [restartedMain] o.apache.catalina.core.StandardService   : Starting service [Tomcat]
2025-01-29T09:36:45.490+05:30  INFO 25644 --- [SpringbootShoppingApp] [restartedMain] o.apache.catalina.core.StandardEngine    : Starting Servlet engine: [Apache Tomcat/10.1.34]
2025-01-29T09:36:45.519+05:30  INFO 25644 --- [SpringbootShoppingApp] [restartedMain] o.a.c.c.C.[Tomcat].[localhost].[/]       : Initializing Spring embedded WebApplicationContext
2025-01-29T09:36:45.520+05:30  INFO 25644 --- [SpringbootShoppingApp] [restartedMain] w.s.c.ServletWebServerApplicationContext : Root WebApplicationContext: initialization completed in 333 ms
2025-01-29T09:36:45.545+05:30  INFO 25644 --- [SpringbootShoppingApp] [restartedMain] o.hibernate.jpa.internal.util.LogHelper  : HHH000204: Processing PersistenceUnitInfo [name: default]
2025-01-29T09:36:45.547+05:30  INFO 25644 --- [SpringbootShoppingApp] [restartedMain] o.h.c.internal.RegionFactoryInitiator    : HHH000026: Second-level cache disabled
2025-01-29T09:36:45.554+05:30  INFO 25644 --- [SpringbootShoppingApp] [restartedMain] o.s.o.j.p.SpringPersistenceUnitInfo      : No LoadTimeWeaver setup: ignoring JPA class transformer
2025-01-29T09:36:45.555+05:30  INFO 25644 --- [SpringbootShoppingApp] [restartedMain] com.zaxxer.hikari.HikariDataSource       : HikariPool-2 - Starting...
2025-01-29T09:36:45.572+05:30  INFO 25644 --- [SpringbootShoppingApp] [restartedMain] com.zaxxer.hikari.pool.HikariPool        : HikariPool-2 - Added connection com.mysql.cj.jdbc.ConnectionImpl@22148025
2025-01-29T09:36:45.572+05:30  INFO 25644 --- [SpringbootShoppingApp] [restartedMain] com.zaxxer.hikari.HikariDataSource       : HikariPool-2 - Start completed.
2025-01-29T09:36:45.574+05:30  INFO 25644 --- [SpringbootShoppingApp] [restartedMain] org.hibernate.orm.connections.pooling    : HHH10001005: Database info:
	Database JDBC URL [Connecting through datasource 'HikariDataSource (HikariPool-2)']
	Database driver: undefined/unknown
	Database version: 8.0.40
	Autocommit mode: undefined/unknown
	Isolation level: undefined/unknown
	Minimum pool size: undefined/unknown
	Maximum pool size: undefined/unknown
2025-01-29T09:36:45.648+05:30  INFO 25644 --- [SpringbootShoppingApp] [restartedMain] o.h.e.t.j.p.i.JtaPlatformInitiator       : HHH000489: No JTA platform available (set 'hibernate.transaction.jta.platform' to enable JTA platform integration)
2025-01-29T09:36:45.840+05:30  INFO 25644 --- [SpringbootShoppingApp] [restartedMain] j.LocalContainerEntityManagerFactoryBean : Initialized JPA EntityManagerFactory for persistence unit 'default'
2025-01-29T09:36:45.919+05:30  WARN 25644 --- [SpringbootShoppingApp] [restartedMain] JpaBaseConfiguration$JpaWebConfiguration : spring.jpa.open-in-view is enabled by default. Therefore, database queries may be performed during view rendering. Explicitly configure spring.jpa.open-in-view to disable this warning
2025-01-29T09:36:46.012+05:30  INFO 25644 --- [SpringbootShoppingApp] [restartedMain] o.s.b.d.a.OptionalLiveReloadServer       : LiveReload server is running on port 35729
2025-01-29T09:36:46.029+05:30  INFO 25644 --- [SpringbootShoppingApp] [restartedMain] o.s.b.w.embedded.tomcat.TomcatWebServer  : Tomcat started on port 8080 (http) with context path '/'
2025-01-29T09:36:46.033+05:30  INFO 25644 --- [SpringbootShoppingApp] [restartedMain] c.e.d.SpringBootShoppingAppApplication   : Started SpringBootShoppingAppApplication in 0.871 seconds (process running for 484.117)
2025-01-29T09:36:46.036+05:30  INFO 25644 --- [SpringbootShoppingApp] [restartedMain] .ConditionEvaluationDeltaLoggingListener : Condition evaluation unchanged
2025-01-29T09:37:39.835+05:30  INFO 25644 --- [SpringbootShoppingApp] [File Watcher] rtingClassPathChangeChangedEventListener : Restarting due to 1 class path change (0 additions, 0 deletions, 1 modification)
2025-01-29T09:37:39.837+05:30  INFO 25644 --- [SpringbootShoppingApp] [Thread-7] o.s.b.w.e.tomcat.GracefulShutdown        : Commencing graceful shutdown. Waiting for active requests to complete
2025-01-29T09:37:39.844+05:30  INFO 25644 --- [SpringbootShoppingApp] [tomcat-shutdown] o.s.b.w.e.tomcat.GracefulShutdown        : Graceful shutdown complete
2025-01-29T09:37:39.847+05:30  INFO 25644 --- [SpringbootShoppingApp] [Thread-7] j.LocalContainerEntityManagerFactoryBean : Closing JPA EntityManagerFactory for persistence unit 'default'
2025-01-29T09:37:39.848+05:30  INFO 25644 --- [SpringbootShoppingApp] [Thread-7] com.zaxxer.hikari.HikariDataSource       : HikariPool-2 - Shutdown initiated...
2025-01-29T09:37:39.852+05:30  INFO 25644 --- [SpringbootShoppingApp] [Thread-7] com.zaxxer.hikari.HikariDataSource       : HikariPool-2 - Shutdown completed.
2025-01-29T09:37:39.917+05:30  INFO 25644 --- [SpringbootShoppingApp] [restartedMain] c.e.d.SpringBootShoppingAppApplication   : Starting SpringBootShoppingAppApplication using Java 21.0.5 with PID 25644 (C:\Users\2380209\git\repository\SpringBootShoppingApp\target\classes started by 2380209 in C:\Users\2380209\git\repository\SpringBootShoppingApp)
2025-01-29T09:37:39.917+05:30  INFO 25644 --- [SpringbootShoppingApp] [restartedMain] c.e.d.SpringBootShoppingAppApplication   : No active profile set, falling back to 1 default profile: "default"
2025-01-29T09:37:40.077+05:30  INFO 25644 --- [SpringbootShoppingApp] [restartedMain] .s.d.r.c.RepositoryConfigurationDelegate : Bootstrapping Spring Data JPA repositories in DEFAULT mode.
2025-01-29T09:37:40.092+05:30  INFO 25644 --- [SpringbootShoppingApp] [restartedMain] .s.d.r.c.RepositoryConfigurationDelegate : Finished Spring Data repository scanning in 13 ms. Found 2 JPA repository interfaces.
2025-01-29T09:37:40.171+05:30  INFO 25644 --- [SpringbootShoppingApp] [restartedMain] o.s.b.w.embedded.tomcat.TomcatWebServer  : Tomcat initialized with port 8080 (http)
2025-01-29T09:37:40.173+05:30  INFO 25644 --- [SpringbootShoppingApp] [restartedMain] o.apache.catalina.core.StandardService   : Starting service [Tomcat]
2025-01-29T09:37:40.173+05:30  INFO 25644 --- [SpringbootShoppingApp] [restartedMain] o.apache.catalina.core.StandardEngine    : Starting Servlet engine: [Apache Tomcat/10.1.34]
2025-01-29T09:37:40.197+05:30  INFO 25644 --- [SpringbootShoppingApp] [restartedMain] o.a.c.c.C.[Tomcat].[localhost].[/]       : Initializing Spring embedded WebApplicationContext
2025-01-29T09:37:40.197+05:30  INFO 25644 --- [SpringbootShoppingApp] [restartedMain] w.s.c.ServletWebServerApplicationContext : Root WebApplicationContext: initialization completed in 278 ms
2025-01-29T09:37:40.222+05:30  INFO 25644 --- [SpringbootShoppingApp] [restartedMain] o.hibernate.jpa.internal.util.LogHelper  : HHH000204: Processing PersistenceUnitInfo [name: default]
2025-01-29T09:37:40.225+05:30  INFO 25644 --- [SpringbootShoppingApp] [restartedMain] o.h.c.internal.RegionFactoryInitiator    : HHH000026: Second-level cache disabled
2025-01-29T09:37:40.232+05:30  INFO 25644 --- [SpringbootShoppingApp] [restartedMain] o.s.o.j.p.SpringPersistenceUnitInfo      : No LoadTimeWeaver setup: ignoring JPA class transformer
2025-01-29T09:37:40.234+05:30  INFO 25644 --- [SpringbootShoppingApp] [restartedMain] com.zaxxer.hikari.HikariDataSource       : HikariPool-3 - Starting...
2025-01-29T09:37:40.251+05:30  INFO 25644 --- [SpringbootShoppingApp] [restartedMain] com.zaxxer.hikari.pool.HikariPool        : HikariPool-3 - Added connection com.mysql.cj.jdbc.ConnectionImpl@11195e98
2025-01-29T09:37:40.252+05:30  INFO 25644 --- [SpringbootShoppingApp] [restartedMain] com.zaxxer.hikari.HikariDataSource       : HikariPool-3 - Start completed.
2025-01-29T09:37:40.253+05:30  INFO 25644 --- [SpringbootShoppingApp] [restartedMain] org.hibernate.orm.connections.pooling    : HHH10001005: Database info:
	Database JDBC URL [Connecting through datasource 'HikariDataSource (HikariPool-3)']
	Database driver: undefined/unknown
	Database version: 8.0.40
	Autocommit mode: undefined/unknown
	Isolation level: undefined/unknown
	Minimum pool size: undefined/unknown
	Maximum pool size: undefined/unknown
2025-01-29T09:37:40.309+05:30  INFO 25644 --- [SpringbootShoppingApp] [restartedMain] o.h.e.t.j.p.i.JtaPlatformInitiator       : HHH000489: No JTA platform available (set 'hibernate.transaction.jta.platform' to enable JTA platform integration)
2025-01-29T09:37:40.458+05:30  INFO 25644 --- [SpringbootShoppingApp] [restartedMain] j.LocalContainerEntityManagerFactoryBean : Initialized JPA EntityManagerFactory for persistence unit 'default'
2025-01-29T09:37:40.532+05:30  WARN 25644 --- [SpringbootShoppingApp] [restartedMain] JpaBaseConfiguration$JpaWebConfiguration : spring.jpa.open-in-view is enabled by default. Therefore, database queries may be performed during view rendering. Explicitly configure spring.jpa.open-in-view to disable this warning
2025-01-29T09:37:40.603+05:30  INFO 25644 --- [SpringbootShoppingApp] [restartedMain] o.s.b.d.a.OptionalLiveReloadServer       : LiveReload server is running on port 35729
2025-01-29T09:37:40.615+05:30  INFO 25644 --- [SpringbootShoppingApp] [restartedMain] o.s.b.w.embedded.tomcat.TomcatWebServer  : Tomcat started on port 8080 (http) with context path '/'
2025-01-29T09:37:40.617+05:30  INFO 25644 --- [SpringbootShoppingApp] [restartedMain] c.e.d.SpringBootShoppingAppApplication   : Started SpringBootShoppingAppApplication in 0.718 seconds (process running for 538.7)
2025-01-29T09:37:40.618+05:30  INFO 25644 --- [SpringbootShoppingApp] [restartedMain] .ConditionEvaluationDeltaLoggingListener : Condition evaluation unchanged
2025-01-29T09:37:47.726+05:30  INFO 25644 --- [SpringbootShoppingApp] [RMI TCP Connection(23)-127.0.0.1] inMXBeanRegistrar$SpringApplicationAdmin : Application shutdown requested.
2025-01-29T09:37:47.727+05:30  INFO 25644 --- [SpringbootShoppingApp] [RMI TCP Connection(23)-127.0.0.1] o.s.b.w.e.tomcat.GracefulShutdown        : Commencing graceful shutdown. Waiting for active requests to complete
2025-01-29T09:37:47.732+05:30  INFO 25644 --- [SpringbootShoppingApp] [tomcat-shutdown] o.s.b.w.e.tomcat.GracefulShutdown        : Graceful shutdown complete
2025-01-29T09:37:47.733+05:30  INFO 25644 --- [SpringbootShoppingApp] [RMI TCP Connection(23)-127.0.0.1] j.LocalContainerEntityManagerFactoryBean : Closing JPA EntityManagerFactory for persistence unit 'default'
2025-01-29T09:37:47.734+05:30  INFO 25644 --- [SpringbootShoppingApp] [RMI TCP Connection(23)-127.0.0.1] com.zaxxer.hikari.HikariDataSource       : HikariPool-3 - Shutdown initiated...
2025-01-29T09:37:47.742+05:30  INFO 25644 --- [SpringbootShoppingApp] [RMI TCP Connection(23)-127.0.0.1] com.zaxxer.hikari.HikariDataSource       : HikariPool-3 - Shutdown completed.
2025-01-29T09:37:55.331+05:30  INFO 36132 --- [SpringbootShoppingApp] [restartedMain] c.e.d.SpringBootShoppingAppApplication   : Starting SpringBootShoppingAppApplication using Java 21.0.5 with PID 36132 (C:\Users\2380209\git\repository\SpringBootShoppingApp\target\classes started by 2380209 in C:\Users\2380209\git\repository\SpringBootShoppingApp)
2025-01-29T09:37:55.333+05:30  INFO 36132 --- [SpringbootShoppingApp] [restartedMain] c.e.d.SpringBootShoppingAppApplication   : No active profile set, falling back to 1 default profile: "default"
2025-01-29T09:37:55.379+05:30  INFO 36132 --- [SpringbootShoppingApp] [restartedMain] .e.DevToolsPropertyDefaultsPostProcessor : Devtools property defaults active! Set 'spring.devtools.add-properties' to 'false' to disable
2025-01-29T09:37:55.380+05:30  INFO 36132 --- [SpringbootShoppingApp] [restartedMain] .e.DevToolsPropertyDefaultsPostProcessor : For additional web related logging consider setting the 'logging.level.web' property to 'DEBUG'
2025-01-29T09:37:56.100+05:30  INFO 36132 --- [SpringbootShoppingApp] [restartedMain] .s.d.r.c.RepositoryConfigurationDelegate : Bootstrapping Spring Data JPA repositories in DEFAULT mode.
2025-01-29T09:37:56.155+05:30  INFO 36132 --- [SpringbootShoppingApp] [restartedMain] .s.d.r.c.RepositoryConfigurationDelegate : Finished Spring Data repository scanning in 46 ms. Found 2 JPA repository interfaces.
2025-01-29T09:37:56.665+05:30  INFO 36132 --- [SpringbootShoppingApp] [restartedMain] o.s.b.w.embedded.tomcat.TomcatWebServer  : Tomcat initialized with port 8080 (http)
2025-01-29T09:37:56.680+05:30  INFO 36132 --- [SpringbootShoppingApp] [restartedMain] o.apache.catalina.core.StandardService   : Starting service [Tomcat]
2025-01-29T09:37:56.681+05:30  INFO 36132 --- [SpringbootShoppingApp] [restartedMain] o.apache.catalina.core.StandardEngine    : Starting Servlet engine: [Apache Tomcat/10.1.34]
2025-01-29T09:37:56.746+05:30  INFO 36132 --- [SpringbootShoppingApp] [restartedMain] o.a.c.c.C.[Tomcat].[localhost].[/]       : Initializing Spring embedded WebApplicationContext
2025-01-29T09:37:56.746+05:30  INFO 36132 --- [SpringbootShoppingApp] [restartedMain] w.s.c.ServletWebServerApplicationContext : Root WebApplicationContext: initialization completed in 1365 ms
2025-01-29T09:37:56.878+05:30  INFO 36132 --- [SpringbootShoppingApp] [restartedMain] o.hibernate.jpa.internal.util.LogHelper  : HHH000204: Processing PersistenceUnitInfo [name: default]
2025-01-29T09:37:56.927+05:30  INFO 36132 --- [SpringbootShoppingApp] [restartedMain] org.hibernate.Version                    : HHH000412: Hibernate ORM core version 6.6.4.Final
2025-01-29T09:37:56.978+05:30  INFO 36132 --- [SpringbootShoppingApp] [restartedMain] o.h.c.internal.RegionFactoryInitiator    : HHH000026: Second-level cache disabled
2025-01-29T09:37:57.218+05:30  INFO 36132 --- [SpringbootShoppingApp] [restartedMain] o.s.o.j.p.SpringPersistenceUnitInfo      : No LoadTimeWeaver setup: ignoring JPA class transformer
2025-01-29T09:37:57.251+05:30  INFO 36132 --- [SpringbootShoppingApp] [restartedMain] com.zaxxer.hikari.HikariDataSource       : HikariPool-1 - Starting...
2025-01-29T09:37:57.568+05:30  INFO 36132 --- [SpringbootShoppingApp] [restartedMain] com.zaxxer.hikari.pool.HikariPool        : HikariPool-1 - Added connection com.mysql.cj.jdbc.ConnectionImpl@5765c4d7
2025-01-29T09:37:57.570+05:30  INFO 36132 --- [SpringbootShoppingApp] [restartedMain] com.zaxxer.hikari.HikariDataSource       : HikariPool-1 - Start completed.
2025-01-29T09:37:57.646+05:30  INFO 36132 --- [SpringbootShoppingApp] [restartedMain] org.hibernate.orm.connections.pooling    : HHH10001005: Database info:
	Database JDBC URL [Connecting through datasource 'HikariDataSource (HikariPool-1)']
	Database driver: undefined/unknown
	Database version: 8.0.40
	Autocommit mode: undefined/unknown
	Isolation level: undefined/unknown
	Minimum pool size: undefined/unknown
	Maximum pool size: undefined/unknown
2025-01-29T09:37:58.585+05:30  INFO 36132 --- [SpringbootShoppingApp] [restartedMain] o.h.e.t.j.p.i.JtaPlatformInitiator       : HHH000489: No JTA platform available (set 'hibernate.transaction.jta.platform' to enable JTA platform integration)
2025-01-29T09:37:58.800+05:30  INFO 36132 --- [SpringbootShoppingApp] [restartedMain] j.LocalContainerEntityManagerFactoryBean : Initialized JPA EntityManagerFactory for persistence unit 'default'
2025-01-29T09:37:59.120+05:30  INFO 36132 --- [SpringbootShoppingApp] [restartedMain] o.s.d.j.r.query.QueryEnhancerFactory     : Hibernate is in classpath; If applicable, HQL parser will be used.
2025-01-29T09:37:59.704+05:30  WARN 36132 --- [SpringbootShoppingApp] [restartedMain] JpaBaseConfiguration$JpaWebConfiguration : spring.jpa.open-in-view is enabled by default. Therefore, database queries may be performed during view rendering. Explicitly configure spring.jpa.open-in-view to disable this warning
2025-01-29T09:38:00.155+05:30  INFO 36132 --- [SpringbootShoppingApp] [restartedMain] o.s.b.d.a.OptionalLiveReloadServer       : LiveReload server is running on port 35729
2025-01-29T09:38:00.202+05:30  INFO 36132 --- [SpringbootShoppingApp] [restartedMain] o.s.b.w.embedded.tomcat.TomcatWebServer  : Tomcat started on port 8080 (http) with context path '/'
2025-01-29T09:38:00.211+05:30  INFO 36132 --- [SpringbootShoppingApp] [restartedMain] c.e.d.SpringBootShoppingAppApplication   : Started SpringBootShoppingAppApplication in 5.242 seconds (process running for 5.848)
2025-01-29T09:38:07.792+05:30  INFO 36132 --- [SpringbootShoppingApp] [http-nio-8080-exec-2] o.a.c.c.C.[Tomcat].[localhost].[/]       : Initializing Spring DispatcherServlet 'dispatcherServlet'
2025-01-29T09:38:07.792+05:30  INFO 36132 --- [SpringbootShoppingApp] [http-nio-8080-exec-2] o.s.web.servlet.DispatcherServlet        : Initializing Servlet 'dispatcherServlet'
2025-01-29T09:38:07.793+05:30  INFO 36132 --- [SpringbootShoppingApp] [http-nio-8080-exec-2] o.s.web.servlet.DispatcherServlet        : Completed initialization in 1 ms
2025-01-29T09:38:07.882+05:30  WARN 36132 --- [SpringbootShoppingApp] [http-nio-8080-exec-2] .m.m.a.ExceptionHandlerExceptionResolver : Resolved [org.springframework.web.servlet.resource.NoResourceFoundException: No static resource cart/update/123.]
2025-01-29T09:38:18.794+05:30  WARN 36132 --- [SpringbootShoppingApp] [http-nio-8080-exec-3] .m.m.a.ExceptionHandlerExceptionResolver : Resolved [org.springframework.web.servlet.resource.NoResourceFoundException: No static resource cart/update/123.]
2025-01-29T09:39:47.235+05:30  WARN 36132 --- [SpringbootShoppingApp] [http-nio-8080-exec-6] .m.m.a.ExceptionHandlerExceptionResolver : Resolved [org.springframework.web.HttpRequestMethodNotSupportedException: Request method 'PUT' is not supported]
2025-01-29T09:40:12.112+05:30  WARN 36132 --- [SpringbootShoppingApp] [http-nio-8080-exec-9] .m.m.a.ExceptionHandlerExceptionResolver : Resolved [org.springframework.web.HttpRequestMethodNotSupportedException: Request method 'DELETE' is not supported]
2025-01-29T09:40:18.556+05:30  WARN 36132 --- [SpringbootShoppingApp] [http-nio-8080-exec-7] .m.m.a.ExceptionHandlerExceptionResolver : Resolved [org.springframework.web.HttpRequestMethodNotSupportedException: Request method 'DELETE' is not supported]
2025-01-29T10:14:51.248+05:30  INFO 36132 --- [SpringbootShoppingApp] [RMI TCP Connection(45)-127.0.0.1] inMXBeanRegistrar$SpringApplicationAdmin : Application shutdown requested.
2025-01-29T10:14:51.251+05:30  INFO 36132 --- [SpringbootShoppingApp] [RMI TCP Connection(45)-127.0.0.1] o.s.b.w.e.tomcat.GracefulShutdown        : Commencing graceful shutdown. Waiting for active requests to complete
2025-01-29T10:14:51.255+05:30  INFO 36132 --- [SpringbootShoppingApp] [tomcat-shutdown] o.s.b.w.e.tomcat.GracefulShutdown        : Graceful shutdown complete
2025-01-29T10:14:51.260+05:30  INFO 36132 --- [SpringbootShoppingApp] [RMI TCP Connection(45)-127.0.0.1] j.LocalContainerEntityManagerFactoryBean : Closing JPA EntityManagerFactory for persistence unit 'default'
2025-01-29T10:14:51.265+05:30  INFO 36132 --- [SpringbootShoppingApp] [RMI TCP Connection(45)-127.0.0.1] com.zaxxer.hikari.HikariDataSource       : HikariPool-1 - Shutdown initiated...
2025-01-29T10:14:51.271+05:30  INFO 36132 --- [SpringbootShoppingApp] [RMI TCP Connection(45)-127.0.0.1] com.zaxxer.hikari.HikariDataSource       : HikariPool-1 - Shutdown completed.
